<?xml version="1.0" encoding="UTF-8"?>
<!-- Generated by org.testng.reporters.JUnitXMLReporter -->
<testsuite hostname="DESKTOP-L51FUC3" ignored="2" name="TmpTest" tests="1" failures="0" timestamp="05 May 2020 10:42:55 GMT" time="15.814" errors="0">
  <testcase name="Ftest" time="4.72" classname="com.Amazon.Test.testcase1"/>
  <testcase name="see" time="0.0" classname="com.Amazon.Test.testcase1">
    <ignored/>
  </testcase> <!-- see -->
  <testcase name="Atest" time="0.0" classname="com.Amazon.Test.testcase1">
    <ignored/>
  </testcase> <!-- Atest -->
</testsuite> <!-- TmpTest -->
