<?xml version="1.0" encoding="UTF-8"?>
<testng-results skipped="0" failed="0" ignored="0" total="1" passed="1">
  <reporter-output>
  </reporter-output>
  <suite name="Default suite" duration-ms="73450" started-at="2020-05-05T10:41:42Z" finished-at="2020-05-05T10:42:55Z">
    <groups>
    </groups>
    <test name="Default test" duration-ms="73450" started-at="2020-05-05T10:41:42Z" finished-at="2020-05-05T10:42:55Z">
      <class name="AmazonTest.com.Amazon.Test.AppTest">
        <test-method status="PASS" signature="runTest(java.lang.String, java.lang.String, java.lang.String)[pri:0, instance:AmazonTest.com.Amazon.Test.AppTest@46d56d67]" name="runTest" duration-ms="72690" started-at="2020-05-05T10:41:42Z" data-provider="testData" finished-at="2020-05-05T10:42:55Z">
          <params>
            <param index="0">
              <value>
                <![CDATA[testexcel.xlsx]]>
              </value>
            </param>
            <param index="1">
              <value>
                <![CDATA[yes]]>
              </value>
            </param>
            <param index="2">
              <value>
                <![CDATA[testcase1]]>
              </value>
            </param>
          </params>
          <reporter-output>
          </reporter-output>
        </test-method> <!-- runTest -->
      </class> <!-- AmazonTest.com.Amazon.Test.AppTest -->
    </test> <!-- Default test -->
  </suite> <!-- Default suite -->
</testng-results>
